<?xml version="1.0" encoding="UTF-8"?>
<testng-results skipped="0" failed="0" ignored="0" total="1" passed="1">
  <reporter-output>
  </reporter-output>
  <suite name="Default suite" duration-ms="16131" started-at="2017-10-30T04:59:08Z" finished-at="2017-10-30T04:59:25Z">
    <groups>
    </groups>
    <test name="Default test" duration-ms="16131" started-at="2017-10-30T04:59:08Z" finished-at="2017-10-30T04:59:25Z">
      <class name="com.technosoft_automation.maven_technosoft_demo1.DatePractice">
        <test-method status="PASS" signature="initializeWebDriver()[pri:0, instance:com.technosoft_automation.maven_technosoft_demo1.DatePractice@72d818d1]" name="initializeWebDriver" is-config="true" duration-ms="10086" started-at="2017-10-30T00:59:08Z" finished-at="2017-10-30T00:59:19Z">
          <reporter-output>
          </reporter-output>
        </test-method> <!-- initializeWebDriver -->
        <test-method status="PASS" signature="selectDate()[pri:0, instance:com.technosoft_automation.maven_technosoft_demo1.DatePractice@72d818d1]" name="selectDate" duration-ms="5298" started-at="2017-10-30T00:59:19Z" finished-at="2017-10-30T00:59:24Z">
          <reporter-output>
          </reporter-output>
        </test-method> <!-- selectDate -->
        <test-method status="PASS" signature="tearDown()[pri:0, instance:com.technosoft_automation.maven_technosoft_demo1.DatePractice@72d818d1]" name="tearDown" is-config="true" duration-ms="627" started-at="2017-10-30T00:59:24Z" finished-at="2017-10-30T00:59:25Z">
          <reporter-output>
          </reporter-output>
        </test-method> <!-- tearDown -->
      </class> <!-- com.technosoft_automation.maven_technosoft_demo1.DatePractice -->
    </test> <!-- Default test -->
  </suite> <!-- Default suite -->
</testng-results>
