<?xml version="1.0" encoding="UTF-8"?>
<!-- Generated by org.testng.reporters.JUnitReportReporter -->
<testsuite skipped="0" hostname="users-MacBook-Pro.local" name="com.technosoft_automation.maven_technosoft_demo1.TestNGAnnotation" tests="2" failures="0" timestamp="23 Sep 2017 14:48:12 GMT" time="0.013" errors="0">
  <testcase name="testScenarioTwo" time="0.005" classname="com.technosoft_automation.maven_technosoft_demo1.TestNGAnnotation"/>
  <testcase name="testScenarioOne" time="0.008" classname="com.technosoft_automation.maven_technosoft_demo1.TestNGAnnotation"/>
</testsuite> <!-- com.technosoft_automation.maven_technosoft_demo1.TestNGAnnotation -->
