<?xml version="1.0" encoding="UTF-8"?>
<!-- Generated by org.testng.reporters.JUnitReportReporter -->
<testsuite skipped="0" hostname="users-MacBook-Pro.local" name="com.technosoft_automation.maven_technosoft_demo1.LoginToFacebook" tests="1" failures="0" timestamp="04 Oct 2017 16:19:19 GMT" time="6.971" errors="0">
  <testcase name="loginToFacebook" time="6.971" classname="com.technosoft_automation.maven_technosoft_demo1.LoginToFacebook"/>
</testsuite> <!-- com.technosoft_automation.maven_technosoft_demo1.LoginToFacebook -->
