<?xml version="1.0" encoding="UTF-8"?>
<!-- Generated by org.testng.reporters.JUnitReportReporter -->
<testsuite skipped="0" hostname="users-MacBook-Pro.local" name="com.technosoft_automation.maven_technosoft_demo1.ScreenShotTest" tests="2" failures="0" timestamp="29 Oct 2017 12:31:02 GMT" time="31.655" errors="0">
  <testcase name="screenShot2" time="12.396" classname="com.technosoft_automation.maven_technosoft_demo1.ScreenShotTest"/>
  <testcase name="screenShot1" time="19.259" classname="com.technosoft_automation.maven_technosoft_demo1.ScreenShotTest"/>
</testsuite> <!-- com.technosoft_automation.maven_technosoft_demo1.ScreenShotTest -->
