<?xml version="1.0" encoding="UTF-8"?>
<!-- Generated by org.testng.reporters.JUnitReportReporter -->
<testsuite skipped="0" hostname="users-MacBook-Pro.local" name="com.technosoft_automation.maven_technosoft_demo1.DatePractice" tests="1" failures="0" timestamp="30 Oct 2017 04:59:25 GMT" time="5.298" errors="0">
  <testcase name="selectDate" time="5.298" classname="com.technosoft_automation.maven_technosoft_demo1.DatePractice"/>
</testsuite> <!-- com.technosoft_automation.maven_technosoft_demo1.DatePractice -->
