<?xml version="1.0" encoding="UTF-8"?>
<!-- Generated by org.testng.reporters.JUnitReportReporter -->
<testsuite skipped="0" hostname="users-MacBook-Pro.local" name="com.technosoft_automation.maven_technosoft_demo1.VerifyLoginOnFacebook" tests="1" failures="0" timestamp="01 Oct 2017 11:34:36 GMT" time="9.024" errors="0">
  <testcase name="loginToFacebook" time="9.024" classname="com.technosoft_automation.maven_technosoft_demo1.VerifyLoginOnFacebook"/>
</testsuite> <!-- com.technosoft_automation.maven_technosoft_demo1.VerifyLoginOnFacebook -->
