<?xml version="1.0" encoding="UTF-8"?>
<!-- Generated by org.testng.reporters.JUnitReportReporter -->
<testsuite skipped="0" hostname="users-MacBook-Pro.local" name="com.technosoft_automation.maven_technosoft_demo1.VerifyLoginIntoExistingAccount" tests="1" failures="0" timestamp="07 Oct 2017 17:03:53 GMT" time="9.415" errors="0">
  <testcase name="loginToFacebook" time="9.415" classname="com.technosoft_automation.maven_technosoft_demo1.VerifyLoginIntoExistingAccount"/>
</testsuite> <!-- com.technosoft_automation.maven_technosoft_demo1.VerifyLoginIntoExistingAccount -->
