<?xml version="1.0" encoding="UTF-8"?>
<!-- Generated by org.testng.reporters.JUnitReportReporter -->
<testsuite skipped="0" hostname="users-MacBook-Pro.local" name="basicTest.UrlTest" tests="3" failures="0" timestamp="21 Oct 2017 06:00:02 GMT" time="30.131" errors="0">
  <testcase name="openGmail" time="6.997" classname="basicTest.UrlTest"/>
  <testcase name="openFacebook" time="13.462" classname="basicTest.UrlTest"/>
  <testcase name="openAmazon" time="9.672" classname="basicTest.UrlTest"/>
</testsuite> <!-- basicTest.UrlTest -->
