<?xml version="1.0" encoding="UTF-8"?>
<!-- Generated by org.testng.reporters.JUnitReportReporter -->
<testsuite skipped="0" hostname="users-MacBook-Pro.local" name="com.technosoft_automation.maven_technosoft_demo1.VerifyRecoveryLinkInFacebook" tests="1" failures="0" timestamp="06 Oct 2017 00:53:49 GMT" time="5.724" errors="0">
  <testcase name="loginToFacebook" time="5.724" classname="com.technosoft_automation.maven_technosoft_demo1.VerifyRecoveryLinkInFacebook"/>
</testsuite> <!-- com.technosoft_automation.maven_technosoft_demo1.VerifyRecoveryLinkInFacebook -->
